{
  "0 debug pnpm:scope": {
    "selected": 1
  },
  "1 info pnpm": {
    "err": {
      "name": "Error",
      "message": "not found: ini",
      "code": "ENOENT",
      "stack": "Error: not found: ini\n    at getNotFoundError (/usr/lib/node_modules/pnpm/dist/pnpm.cjs:41455:51)\n    at Function.whichSync [as sync] (/usr/lib/node_modules/pnpm/dist/pnpm.cjs:41532:13)\n    at getCommandAbsolutePathSync (/usr/lib/node_modules/pnpm/dist/pnpm.cjs:43097:44)\n    at default_1 (/usr/lib/node_modules/pnpm/dist/pnpm.cjs:43106:32)\n    at /usr/lib/node_modules/pnpm/dist/pnpm.cjs:179764:39"
    }
  },
  "2 error pnpm": {
    "code": "ERR_PNPM_RECURSIVE_EXEC_FIRST_FAIL",
    "prefix": "/home/ruthenic",
    "err": {
      "name": "pnpm",
      "message": "not found: ini",
      "code": "ERR_PNPM_RECURSIVE_EXEC_FIRST_FAIL",
      "stack": "Error: not found: ini\n    at getNotFoundError (/usr/lib/node_modules/pnpm/dist/pnpm.cjs:41455:51)\n    at Function.whichSync [as sync] (/usr/lib/node_modules/pnpm/dist/pnpm.cjs:41532:13)\n    at getCommandAbsolutePathSync (/usr/lib/node_modules/pnpm/dist/pnpm.cjs:43097:44)\n    at default_1 (/usr/lib/node_modules/pnpm/dist/pnpm.cjs:43106:32)\n    at /usr/lib/node_modules/pnpm/dist/pnpm.cjs:179764:39"
    }
  }
}